<?xml version="1.0" encoding="UTF-8"?>
<!-- Generated by org.testng.reporters.JUnitXMLReporter -->
<testsuite ignored="0" hostname="DESKTOP-HOFAL3B" failures="0" tests="4" name="Default test" time="51.085" errors="0" timestamp="2025-11-07T17:00:05 IST">
  <testcase classname="com.vittech.testcase.LoginPageTC2" name="loginTest" time="12.203"/>
  <testcase classname="com.vittech.testcase.LoginPageTC2" name="loginTest" time="0.005"/>
  <testcase classname="com.vittech.testcase.LoginPageTC2" name="loginTest" time="0.001"/>
  <testcase classname="com.vittech.testcase.LoginPageTC2" name="loginTest" time="0.02"/>
</testsuite> <!-- Default test -->
