<?xml version="1.0" encoding="UTF-8"?>
<!-- Generated by org.testng.reporters.JUnitXMLReporter -->
<testsuite ignored="0" hostname="DESKTOP-HOFAL3B" failures="0" tests="4" name="Default test" time="26.783" errors="0" timestamp="2025-11-15T15:50:21 IST">
  <testcase classname="com.vittech.testcase.LoginPageTC2" name="loginTest" time="13.455"/>
  <testcase classname="com.vittech.testcase.LoginPageTC2" name="loginTest" time="0.018"/>
  <testcase classname="com.vittech.testcase.LoginPageTC2" name="loginTest" time="0.015"/>
  <testcase classname="com.vittech.testcase.LoginPageTC2" name="loginTest" time="0.007"/>
</testsuite> <!-- Default test -->
