<?xml version="1.0" encoding="UTF-8"?>
<testng-results ignored="0" total="3" passed="3" failed="0" skipped="0">
  <reporter-output>
  </reporter-output>
  <suite started-at="2025-11-15T16:02:03 IST" name="Default suite" finished-at="2025-11-15T16:02:35 IST" duration-ms="31346">
    <groups>
    </groups>
    <test started-at="2025-11-15T16:02:03 IST" name="Default test" finished-at="2025-11-15T16:02:35 IST" duration-ms="31346">
      <class name="com.vittech.testcase.HomePageTC">
        <test-method is-config="true" signature="init()[pri:0, instance:com.vittech.testcase.HomePageTC@6771beb3]" started-at="2025-11-15T16:02:02 IST" name="init" finished-at="2025-11-15T16:02:03 IST" duration-ms="990" status="PASS">
          <reporter-output>
          </reporter-output>
        </test-method> <!-- init -->
        <test-method is-config="true" signature="setup()[pri:0, instance:com.vittech.testcase.HomePageTC@6771beb3]" started-at="2025-11-15T16:02:03 IST" name="setup" finished-at="2025-11-15T16:02:17 IST" duration-ms="13486" status="PASS">
          <reporter-output>
          </reporter-output>
        </test-method> <!-- setup -->
        <test-method signature="verifyOrangeHRMLoginTest()[pri:1, instance:com.vittech.testcase.HomePageTC@6771beb3]" started-at="2025-11-15T16:02:17 IST" name="verifyOrangeHRMLoginTest" finished-at="2025-11-15T16:02:27 IST" duration-ms="10261" status="PASS">
          <reporter-output>
          </reporter-output>
        </test-method> <!-- verifyOrangeHRMLoginTest -->
        <test-method signature="navigateToAdminPageTest()[pri:2, instance:com.vittech.testcase.HomePageTC@6771beb3]" started-at="2025-11-15T16:02:27 IST" name="navigateToAdminPageTest" finished-at="2025-11-15T16:02:31 IST" duration-ms="3896" status="PASS">
          <reporter-output>
          </reporter-output>
        </test-method> <!-- navigateToAdminPageTest -->
        <test-method signature="navigateToDashboardTest()[pri:3, instance:com.vittech.testcase.HomePageTC@6771beb3]" started-at="2025-11-15T16:02:31 IST" name="navigateToDashboardTest" finished-at="2025-11-15T16:02:34 IST" duration-ms="3557" status="PASS">
          <reporter-output>
          </reporter-output>
        </test-method> <!-- navigateToDashboardTest -->
        <test-method is-config="true" signature="teardown()[pri:0, instance:com.vittech.testcase.HomePageTC@6771beb3]" started-at="2025-11-15T16:02:34 IST" name="teardown" finished-at="2025-11-15T16:02:35 IST" duration-ms="59" status="PASS">
          <reporter-output>
          </reporter-output>
        </test-method> <!-- teardown -->
      </class> <!-- com.vittech.testcase.HomePageTC -->
    </test> <!-- Default test -->
  </suite> <!-- Default suite -->
</testng-results>
