<?xml version="1.0" encoding="UTF-8"?>
<testng-results ignored="0" total="4" passed="4" failed="0" skipped="0">
  <reporter-output>
  </reporter-output>
  <suite started-at="2025-11-15T15:49:54 IST" name="Default suite" finished-at="2025-11-15T15:50:21 IST" duration-ms="26783">
    <groups>
    </groups>
    <test started-at="2025-11-15T15:49:54 IST" name="Default test" finished-at="2025-11-15T15:50:21 IST" duration-ms="26783">
      <class name="com.vittech.testcase.LoginPageTC2">
        <test-method is-config="true" signature="init()[pri:0, instance:com.vittech.testcase.LoginPageTC2@3c41ed1d]" started-at="2025-11-15T15:49:54 IST" name="init" finished-at="2025-11-15T15:49:54 IST" duration-ms="930" status="PASS">
          <reporter-output>
          </reporter-output>
        </test-method> <!-- init -->
        <test-method is-config="true" signature="setup()[pri:0, instance:com.vittech.testcase.LoginPageTC2@3c41ed1d]" started-at="2025-11-15T15:49:54 IST" name="setup" finished-at="2025-11-15T15:50:08 IST" duration-ms="13091" status="PASS">
          <reporter-output>
          </reporter-output>
        </test-method> <!-- setup -->
        <test-method signature="loginTest()[pri:0, instance:com.vittech.testcase.LoginPageTC2@3c41ed1d]" started-at="2025-11-15T15:50:08 IST" name="loginTest" finished-at="2025-11-15T15:50:21 IST" duration-ms="13455" status="PASS">
          <reporter-output>
          </reporter-output>
        </test-method> <!-- loginTest -->
        <test-method signature="loginTest(java.lang.String,java.lang.String)[pri:0, instance:com.vittech.testcase.LoginPageTC2@3c41ed1d]" started-at="2025-11-15T15:50:21 IST" name="loginTest" data-provider="getTestData" finished-at="2025-11-15T15:50:21 IST" duration-ms="18" status="PASS">
          <params>
            <param index="0">
              <value>
                <![CDATA[Admin]]>
              </value>
            </param>
            <param index="1">
              <value>
                <![CDATA[admin123]]>
              </value>
            </param>
          </params>
          <reporter-output>
          </reporter-output>
        </test-method> <!-- loginTest -->
        <test-method signature="loginTest(java.lang.String,java.lang.String)[pri:0, instance:com.vittech.testcase.LoginPageTC2@3c41ed1d]" started-at="2025-11-15T15:50:21 IST" name="loginTest" data-provider="getTestData" finished-at="2025-11-15T15:50:21 IST" duration-ms="15" status="PASS">
          <params>
            <param index="0">
              <value>
                <![CDATA[admin]]>
              </value>
            </param>
            <param index="1">
              <value>
                <![CDATA[admin]]>
              </value>
            </param>
          </params>
          <reporter-output>
          </reporter-output>
        </test-method> <!-- loginTest -->
        <test-method signature="loginTest(java.lang.String,java.lang.String)[pri:0, instance:com.vittech.testcase.LoginPageTC2@3c41ed1d]" started-at="2025-11-15T15:50:21 IST" name="loginTest" data-provider="getTestData" finished-at="2025-11-15T15:50:21 IST" duration-ms="7" status="PASS">
          <params>
            <param index="0">
              <value>
                <![CDATA[admin123]]>
              </value>
            </param>
            <param index="1">
              <value>
                <![CDATA[Admin]]>
              </value>
            </param>
          </params>
          <reporter-output>
          </reporter-output>
        </test-method> <!-- loginTest -->
        <test-method is-config="true" signature="teardown()[pri:0, instance:com.vittech.testcase.LoginPageTC2@3c41ed1d]" started-at="2025-11-15T15:50:21 IST" name="teardown" finished-at="2025-11-15T15:50:21 IST" duration-ms="58" status="PASS">
          <reporter-output>
          </reporter-output>
        </test-method> <!-- teardown -->
      </class> <!-- com.vittech.testcase.LoginPageTC2 -->
    </test> <!-- Default test -->
  </suite> <!-- Default suite -->
</testng-results>
