<?xml version="1.0" encoding="UTF-8"?>
<!-- Generated by org.testng.reporters.JUnitReportReporter -->
<testsuite hostname="DESKTOP-HOFAL3B" failures="0" tests="2" name="com.vittech.testcase.LoginPageTC" time="10.351" errors="0" timestamp="2025-11-15T15:22:01 IST" skipped="0">
  <testcase classname="com.vittech.testcase.LoginPageTC" name="VerifyLogoVisible" time="0.069"/>
  <testcase classname="com.vittech.testcase.LoginPageTC" name="verifyOrangeHRMLoginTest" time="10.282"/>
</testsuite> <!-- com.vittech.testcase.LoginPageTC -->
