<?xml version="1.0" encoding="UTF-8"?>
<!-- Generated by org.testng.reporters.JUnitReportReporter -->
<testsuite hostname="DESKTOP-HOFAL3B" failures="0" tests="4" name="com.vittech.testcase.LoginPageTC2" time="50.981" errors="0" timestamp="2025-11-07T17:00:05 IST" skipped="0">
  <testcase classname="com.vittech.testcase.LoginPageTC2" name="loginTest" time="8.629"/>
  <testcase classname="com.vittech.testcase.LoginPageTC2" name="loginTest" time="26.245"/>
  <testcase classname="com.vittech.testcase.LoginPageTC2" name="loginTest" time="8.148"/>
  <testcase classname="com.vittech.testcase.LoginPageTC2" name="loginTest" time="7.959"/>
</testsuite> <!-- com.vittech.testcase.LoginPageTC2 -->
