<?xml version="1.0" encoding="UTF-8"?>
<!-- Generated by org.testng.reporters.JUnitReportReporter -->
<testsuite hostname="DESKTOP-HOFAL3B" failures="0" tests="4" name="com.vittech.testcase.LoginPageTC2" time="13.495" errors="0" timestamp="2025-11-15T15:50:21 IST" skipped="0">
  <testcase classname="com.vittech.testcase.LoginPageTC2" name="loginTest" time="0.015"/>
  <testcase classname="com.vittech.testcase.LoginPageTC2" name="loginTest" time="0.007"/>
  <testcase classname="com.vittech.testcase.LoginPageTC2" name="loginTest" time="0.018"/>
  <testcase classname="com.vittech.testcase.LoginPageTC2" name="loginTest" time="13.455"/>
</testsuite> <!-- com.vittech.testcase.LoginPageTC2 -->
