<?xml version="1.0" encoding="UTF-8"?>
<!-- Generated by org.testng.reporters.JUnitReportReporter -->
<testsuite hostname="DESKTOP-HOFAL3B" failures="0" tests="3" name="com.vittech.testcase.HomePageTC" time="17.714" errors="0" timestamp="2025-11-15T16:02:35 IST" skipped="0">
  <testcase classname="com.vittech.testcase.HomePageTC" name="verifyOrangeHRMLoginTest" time="10.261"/>
  <testcase classname="com.vittech.testcase.HomePageTC" name="navigateToAdminPageTest" time="3.896"/>
  <testcase classname="com.vittech.testcase.HomePageTC" name="navigateToDashboardTest" time="3.557"/>
</testsuite> <!-- com.vittech.testcase.HomePageTC -->
