<?xml version="1.0" encoding="UTF-8"?>
<!-- Generated by org.testng.reporters.JUnitReportReporter -->
<testsuite hostname="DESKTOP-HOFAL3B" failures="0" tests="3" name="com.vittech.testcase.HomePageTC" time="16.697" errors="0" timestamp="2025-11-15T15:47:49 IST" skipped="0">
  <testcase classname="com.vittech.testcase.HomePageTC" name="verifyOrangeHRMLoginTest" time="9.208"/>
  <testcase classname="com.vittech.testcase.HomePageTC" name="navigateToAdminPageTest" time="3.902"/>
  <testcase classname="com.vittech.testcase.HomePageTC" name="navigateToDashboardTest" time="3.587"/>
</testsuite> <!-- com.vittech.testcase.HomePageTC -->
