<?xml version="1.0" encoding="UTF-8"?>
<!-- Generated by org.testng.reporters.JUnitReportReporter -->
<testsuite hostname="DESKTOP-HOFAL3B" failures="0" tests="2" name="com.vittech.testcase.LoginPageTC" time="9.204" errors="0" timestamp="2025-10-12T15:04:19 IST" skipped="0">
  <testcase classname="com.vittech.testcase.LoginPageTC" name="VerifyLogoVisible" time="0.054"/>
  <testcase classname="com.vittech.testcase.LoginPageTC" name="verifyOrangeHRMLoginTest" time="9.150"/>
</testsuite> <!-- com.vittech.testcase.LoginPageTC -->
